<?xml version="1.0" encoding="UTF-8"?>
<!-- Generated by org.testng.reporters.JUnitReportReporter -->
<testsuite skipped="0" hostname="VENKAT" name="myDemos.MyTest" tests="1" failures="0" timestamp="2020-12-07T17:32:25 IST" time="22.645" errors="0">
  <testcase name="eSearch" time="22.645" classname="myDemos.MyTest"/>
</testsuite> <!-- myDemos.MyTest -->
