<?xml version="1.0" encoding="UTF-8"?>
<!-- Generated by org.testng.reporters.JUnitReportReporter -->
<testsuite skipped="0" hostname="VENKAT" name="kwdfDemos.SampleTest" tests="1" failures="0" timestamp="2020-11-19T12:54:23 IST" time="39.212" errors="0">
  <testcase name="myTest" time="39.212" classname="kwdfDemos.SampleTest"/>
</testsuite> <!-- kwdfDemos.SampleTest -->
