<?xml version="1.0" encoding="UTF-8"?>
<!-- Generated by org.testng.reporters.JUnitReportReporter -->
<testsuite skipped="0" hostname="VENKAT" name="hybridFrameworkDemos.hybridEbayProdCatSearchTest" tests="2" failures="0" timestamp="2020-11-18T12:30:24 IST" time="68.675" errors="0">
  <testcase name="CatSearch" time="28.903" classname="hybridFrameworkDemos.hybridEbayProdCatSearchTest"/>
  <testcase name="CatSearch" time="39.772" classname="hybridFrameworkDemos.hybridEbayProdCatSearchTest"/>
</testsuite> <!-- hybridFrameworkDemos.hybridEbayProdCatSearchTest -->
