<?xml version="1.0" encoding="UTF-8"?>
<!-- Generated by org.testng.reporters.JUnitReportReporter -->
<testsuite skipped="0" hostname="VENKAT" name="pomTests.EbayProdCatSearchTest" tests="1" failures="0" timestamp="2020-11-13T11:32:01 IST" time="31.828" errors="0">
  <testcase name="prodCatSearch" time="31.828" classname="pomTests.EbayProdCatSearchTest"/>
</testsuite> <!-- pomTests.EbayProdCatSearchTest -->
