<?xml version="1.0" encoding="UTF-8"?>
<!-- Generated by org.testng.reporters.JUnitReportReporter -->
<testsuite skipped="0" hostname="VENKAT" name="ddfDemos.DDFEbayProdSearchTest" tests="2" failures="0" timestamp="2020-11-17T12:45:27 IST" time="98.775" errors="0">
  <testcase name="CatSearch" time="31.018" classname="ddfDemos.DDFEbayProdSearchTest"/>
  <testcase name="CatSearch" time="67.757" classname="ddfDemos.DDFEbayProdSearchTest"/>
</testsuite> <!-- ddfDemos.DDFEbayProdSearchTest -->
