<?xml version="1.0" encoding="UTF-8"?>
<!-- Generated by org.testng.reporters.JUnitReportReporter -->
<testsuite skipped="0" hostname="VENKAT" name="hybridFrameworkDemos.hybridEbayProdSearchTest" tests="2" failures="0" timestamp="2020-11-18T12:26:37 IST" time="71.068" errors="0">
  <testcase name="Search" time="31.340" classname="hybridFrameworkDemos.hybridEbayProdSearchTest"/>
  <testcase name="Search" time="39.728" classname="hybridFrameworkDemos.hybridEbayProdSearchTest"/>
</testsuite> <!-- hybridFrameworkDemos.hybridEbayProdSearchTest -->
