<?xml version="1.0" encoding="UTF-8"?>
<!-- Generated by org.testng.reporters.JUnitReportReporter -->
<testsuite skipped="0" hostname="VENKAT" name="pomTests.POMEbayProdSearchTest" tests="1" failures="0" timestamp="2020-11-13T11:48:00 IST" time="70.091" errors="0">
  <testcase name="prodSearch" time="70.091" classname="pomTests.POMEbayProdSearchTest"/>
</testsuite> <!-- pomTests.POMEbayProdSearchTest -->
