<?xml version="1.0" encoding="UTF-8"?>
<!-- Generated by org.testng.reporters.JUnitReportReporter -->
<testsuite skipped="0" hostname="VENKAT" name="pomTests.POMEbayProdCatSearchTest" tests="1" failures="0" timestamp="2020-11-13T11:51:39 IST" time="43.251" errors="0">
  <testcase name="prodCatSearch" time="43.251" classname="pomTests.POMEbayProdCatSearchTest"/>
</testsuite> <!-- pomTests.POMEbayProdCatSearchTest -->
