<?xml version="1.0" encoding="UTF-8"?>
<!-- Generated by org.testng.reporters.JUnitReportReporter -->
<testsuite skipped="0" hostname="VENKAT" name="ddfDemos.DDFwithDB" tests="2" failures="0" timestamp="2020-11-24T12:52:41 IST" time="77.408" errors="0">
  <testcase name="CatSearch" time="25.647" classname="ddfDemos.DDFwithDB"/>
  <testcase name="CatSearch" time="51.761" classname="ddfDemos.DDFwithDB"/>
</testsuite> <!-- ddfDemos.DDFwithDB -->
