<?xml version="1.0" encoding="UTF-8"?>
<!-- Generated by org.testng.reporters.JUnitReportReporter -->
<testsuite skipped="0" hostname="VENKAT" name="pomTests.EbayProdSearchTest" tests="1" failures="0" timestamp="2020-11-13T11:28:29 IST" time="60.787" errors="0">
  <testcase name="prodSearch" time="60.787" classname="pomTests.EbayProdSearchTest"/>
</testsuite> <!-- pomTests.EbayProdSearchTest -->
