<?xml version="1.0" encoding="UTF-8"?>
<!-- Generated by org.testng.reporters.JUnitReportReporter -->
<testsuite skipped="0" hostname="VENKAT" name="ddfDemos.DDFEbayProdCatSearchTest" tests="2" failures="0" timestamp="2020-11-17T12:55:43 IST" time="141.374" errors="0">
  <testcase name="CatSearch" time="75.505" classname="ddfDemos.DDFEbayProdCatSearchTest"/>
  <testcase name="CatSearch" time="65.869" classname="ddfDemos.DDFEbayProdCatSearchTest"/>
</testsuite> <!-- ddfDemos.DDFEbayProdCatSearchTest -->
